[debug] [2023-06-16T02:47:09.221Z] ----------------------------------------------------------------------
[debug] [2023-06-16T02:47:09.225Z] Command:       C:\Program Files\nodejs\node.exe C:\Program Files\nodejs\node_modules\firebase-tools\lib\bin\firebase.js init hosting
[debug] [2023-06-16T02:47:09.225Z] CLI Version:   12.3.1
[debug] [2023-06-16T02:47:09.226Z] Platform:      win32
[debug] [2023-06-16T02:47:09.226Z] Node Version:  v16.20.0
[debug] [2023-06-16T02:47:09.240Z] Time:          Thu Jun 15 2023 22:47:09 GMT-0400 (Eastern Daylight Time)
[debug] [2023-06-16T02:47:09.240Z] ----------------------------------------------------------------------
[debug] 
[debug] [2023-06-16T02:47:09.255Z] > command requires scopes: ["email","openid","https://www.googleapis.com/auth/cloudplatformprojects.readonly","https://www.googleapis.com/auth/firebase","https://www.googleapis.com/auth/cloud-platform"]
[debug] [2023-06-16T02:47:09.256Z] > authorizing via signed-in user (gp1723658@gmail.com)
[info] 
     ######## #### ########  ######## ########     ###     ######  ########
     ##        ##  ##     ## ##       ##     ##  ##   ##  ##       ##
     ######    ##  ########  ######   ########  #########  ######  ######
     ##        ##  ##    ##  ##       ##     ## ##     ##       ## ##
     ##       #### ##     ## ######## ########  ##     ##  ######  ########

You're about to initialize a Firebase project in this directory:

  C:\Users\Gaurav\OneDrive\Documents\Gaurav portfolio\gaurav

[info] 
=== Project Setup
[info] 
[info] First, let's associate this project directory with a Firebase project.
[info] You can create multiple project aliases by running firebase use --add, 
[info] but for now we'll just set up a default project.
[info] 
[debug] [2023-06-16T02:47:16.019Z] >>> [apiv2][query] GET https://firebase.googleapis.com/v1beta1/projects pageSize=100
[debug] [2023-06-16T02:47:17.266Z] <<< [apiv2][status] GET https://firebase.googleapis.com/v1beta1/projects 200
[debug] [2023-06-16T02:47:17.267Z] <<< [apiv2][body] GET https://firebase.googleapis.com/v1beta1/projects [omitted]
[info] i  Using project porsonalportfolio (personal) 
[info] 
=== Hosting Setup
[info] 
[info] Your public directory is the folder (relative to your project directory) that
[info] will contain Hosting assets to be uploaded with firebase deploy. If you
[info] have a build process for your assets, use your build's output directory.
[info] 
[debug] [2023-06-16T02:47:50.930Z] >>> [apiv2][query] GET https://www.gstatic.com/firebasejs/releases.json [none]
[debug] [2023-06-16T02:47:51.320Z] <<< [apiv2][status] GET https://www.gstatic.com/firebasejs/releases.json 200
[debug] [2023-06-16T02:47:51.320Z] <<< [apiv2][body] GET https://www.gstatic.com/firebasejs/releases.json {"current":{"version":"9.22.2","browserURL":"https://www.gstatic.com/firebasejs/9.22.2/firebase.js","packageURL":"https://www.gstatic.com/firebasejs/9.22.2/firebase.tgz"},"live":{"version":"9.22","browserURL":"https://www.gstatic.com/firebasejs/live/9.22/firebase.js","packageURL":"https://www.gstatic.com/firebasejs/live/9.22/firebase.tgz"},"components":{"analytics":"https://www.gstatic.com/firebasejs/9.22.2/firebase-analytics.js","app":"https://www.gstatic.com/firebasejs/9.22.2/firebase-app.js","app-check":"https://www.gstatic.com/firebasejs/9.22.2/firebase-app-check.js","auth":"https://www.gstatic.com/firebasejs/9.22.2/firebase-auth.js","auth/cordova":"https://www.gstatic.com/firebasejs/9.22.2/firebase-auth/cordova.js","auth/react-native":"https://www.gstatic.com/firebasejs/9.22.2/firebase-auth/react-native.js","functions":"https://www.gstatic.com/firebasejs/9.22.2/firebase-functions.js","firestore":"https://www.gstatic.com/firebasejs/9.22.2/firebase-firestore.js","firestore/lite":"https://www.gstatic.com/firebasejs/9.22.2/firebase-firestore/lite.js","installations":"https://www.gstatic.com/firebasejs/9.22.2/firebase-installations.js","storage":"https://www.gstatic.com/firebasejs/9.22.2/firebase-storage.js","performance":"https://www.gstatic.com/firebasejs/9.22.2/firebase-performance.js","remote-config":"https://www.gstatic.com/firebasejs/9.22.2/firebase-remote-config.js","messaging":"https://www.gstatic.com/firebasejs/9.22.2/firebase-messaging.js","messaging/sw":"https://www.gstatic.com/firebasejs/9.22.2/firebase-messaging/sw.js","database":"https://www.gstatic.com/firebasejs/9.22.2/firebase-database.js","firestore.memory":"https://www.gstatic.com/firebasejs/9.22.2/firebase-firestore.memory.js"}}
[info] +  Wrote public/index.html 
[info] 
[info] i  Didn't detect a .git folder. Assuming C:\Users\Gaurav\OneDrive\Documents\Gaurav portfolio\gaurav is the project root. 
[info] i  Authorizing with GitHub to upload your service account to a GitHub repository's secrets store. 
[info] 
[info] Visit this URL on this device to log in:
[info] https://github.com/login/oauth/authorize?client_id=89cf50f02ac6aaed3484&state=732238340&redirect_uri=http%3A%2F%2Flocalhost%3A9005&scope=read%3Auser%20repo%20public_repo
[info] 
[info] Waiting for authentication...
[debug] [2023-06-16T02:47:53.483Z] >>> [apiv2][query] POST https://github.com/login/oauth/access_token [none]
[debug] [2023-06-16T02:47:53.484Z] >>> [apiv2][body] POST https://github.com/login/oauth/access_token [stream]
[debug] [2023-06-16T02:47:54.042Z] <<< [apiv2][status] POST https://github.com/login/oauth/access_token 200
[debug] [2023-06-16T02:47:54.042Z] <<< [apiv2][body] POST https://github.com/login/oauth/access_token {"access_token":"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","token_type":"bearer","scope":"read:user,repo"}
[debug] [2023-06-16T02:47:54.066Z] >>> [apiv2][query] GET https://api.github.com/user [none]
[debug] [2023-06-16T02:47:54.758Z] <<< [apiv2][status] GET https://api.github.com/user 200
[debug] [2023-06-16T02:47:54.758Z] <<< [apiv2][body] GET https://api.github.com/user {"login":"patil22","id":113407263,"node_id":"U_kgDOBsJ1Hw","avatar_url":"https://avatars.githubusercontent.com/u/113407263?v=4","gravatar_id":"","url":"https://api.github.com/users/patil22","html_url":"https://github.com/patil22","followers_url":"https://api.github.com/users/patil22/followers","following_url":"https://api.github.com/users/patil22/following{/other_user}","gists_url":"https://api.github.com/users/patil22/gists{/gist_id}","starred_url":"https://api.github.com/users/patil22/starred{/owner}{/repo}","subscriptions_url":"https://api.github.com/users/patil22/subscriptions","organizations_url":"https://api.github.com/users/patil22/orgs","repos_url":"https://api.github.com/users/patil22/repos","events_url":"https://api.github.com/users/patil22/events{/privacy}","received_events_url":"https://api.github.com/users/patil22/received_events","type":"User","site_admin":false,"name":null,"company":null,"blog":"","location":null,"email":null,"hireable":null,"bio":null,"twitter_username":null,"public_repos":56,"public_gists":0,"followers":0,"following":0,"created_at":"2022-09-13T03:26:49Z","updated_at":"2023-05-18T05:22:33Z","private_gists":0,"total_private_repos":3,"owned_private_repos":3,"disk_usage":68469,"collaborators":0,"two_factor_authentication":false,"plan":{"name":"free","space":976562499,"collaborators":0,"private_repos":10000}}
[info] 
[info] +  Success! Logged into GitHub as patil22 
[info] 
